rm -f als_sequential als_parallel als_papi als_parallel_nosimd als_parallel_static als_parallel_dynamic16 als_parallel_dynamic128 als_parallel_guided als_parallel_dynamic32 als_parallel_dynamic64 als_parallel_static2 als_parallel_full als_parallel_nosimd als_parallel_singlefma
g++ -O3 -Wall -fopenmp -msse -msse2 -msse3 -DNDEBUG -mavx2 -mfma -march=native  -o als_parallel_full simd_trials/als_parallel_full.cpp
g++ -O3 -Wall -fopenmp -msse -msse2 -msse3 -DNDEBUG -mavx2 -mfma -march=native  -o als_parallel_nosimd simd_trials/als_parallel_nosimd.cpp
g++ -O3 -Wall -fopenmp -msse -msse2 -msse3 -DNDEBUG -mavx2 -mfma -march=native  -o als_parallel_singlefma simd_trials/als_parallel_singlefma.cpp
Full:
SIMD and ILP: Iterations completed in 136.76s
SIMD and ILP: Iterations completed in 69.14s
SIMD and ILP: Iterations completed in 38.09s
SIMD and ILP: Iterations completed in 20.56s
SIMD and ILP: Iterations completed in 10.38s

No SIMD:
No SIMD: Iterations completed in 1142.79s
No SIMD: Iterations completed in 576.41s
No SIMD: Iterations completed in 313.28s
No SIMD: Iterations completed in 163.04s
No SIMD: Iterations completed in 82.38s

Single FMA:
Single FMA: Iterations completed in 132.85s
Single FMA: Iterations completed in 70.30s
Single FMA: Iterations completed in 38.37s
Single FMA: Iterations completed in 20.31s
Single FMA: Iterations completed in 10.45s
